[2024-12-18 17:06:35.912] [275173] [HailoRT] [info] [device.cpp:51] [Device] OS Version: Linux 6.6.62+rpt-rpi-2712 #1 SMP PREEMPT Debian 1:6.6.62-1+rpt1 (2024-11-25) aarch64
[2024-12-18 17:06:35.914] [275173] [HailoRT] [info] [control.cpp:109] [control__parse_identify_results] firmware_version is: 4.19.0
[2024-12-18 17:06:35.914] [275173] [HailoRT] [info] [vdevice.cpp:655] [create] VDevice Infos: 0000:01:00.0
[2024-12-18 17:06:35.982] [275173] [HailoRT] [info] [device.cpp:51] [Device] OS Version: Linux 6.6.62+rpt-rpi-2712 #1 SMP PREEMPT Debian 1:6.6.62-1+rpt1 (2024-11-25) aarch64
[2024-12-18 17:06:35.983] [275173] [HailoRT] [info] [control.cpp:109] [control__parse_identify_results] firmware_version is: 4.19.0
[2024-12-18 17:06:36.022] [275173] [HailoRT] [error] [vdevice.cpp:835] [create_devices] CHECK failed - Failed to create vdevice. there are not enough free devices. requested: 1, found: 0
[2024-12-18 17:06:36.076] [275173] [HailoRT] [error] [vdevice.cpp:635] [create] CHECK_SUCCESS failed with status=HAILO_OUT_OF_PHYSICAL_DEVICES(74)
[2024-12-18 17:06:36.076] [275173] [HailoRT] [error] [shared_resource_manager.hpp:81] [register_resource] CHECK_SUCCESS failed with status=HAILO_OUT_OF_PHYSICAL_DEVICES(74)
[2024-12-18 17:06:36.076] [275173] [HailoRT] [error] [vdevice.cpp:138] [create] CHECK_SUCCESS failed with status=HAILO_OUT_OF_PHYSICAL_DEVICES(74)
[2024-12-18 17:06:36.076] [275173] [HailoRT] [error] [vdevice.cpp:558] [create] CHECK_SUCCESS failed with status=HAILO_OUT_OF_PHYSICAL_DEVICES(74)
[2024-12-18 17:11:07.813] [278051] [HailoRT] [info] [device.cpp:51] [Device] OS Version: Linux 6.6.62+rpt-rpi-2712 #1 SMP PREEMPT Debian 1:6.6.62-1+rpt1 (2024-11-25) aarch64
[2024-12-18 17:11:07.814] [278051] [HailoRT] [info] [control.cpp:109] [control__parse_identify_results] firmware_version is: 4.19.0
[2024-12-18 17:11:07.814] [278051] [HailoRT] [info] [vdevice.cpp:655] [create] VDevice Infos: 0000:01:00.0
[2024-12-18 19:57:11.966] [385518] [HailoRT] [info] [device.cpp:51] [Device] OS Version: Linux 6.6.62+rpt-rpi-2712 #1 SMP PREEMPT Debian 1:6.6.62-1+rpt1 (2024-11-25) aarch64
[2024-12-18 19:57:11.967] [385518] [HailoRT] [info] [control.cpp:109] [control__parse_identify_results] firmware_version is: 4.19.0
[2024-12-18 19:57:11.967] [385518] [HailoRT] [info] [vdevice.cpp:655] [create] VDevice Infos: 0000:01:00.0
[2024-12-18 19:57:12.090] [385518] [HailoRT] [info] [internal_buffer_manager.cpp:204] [print_execution_results] Planned internal buffer memory: CMA memory 0, user memory 777728. memory to edge layer usage factor is 1
[2024-12-18 19:57:12.090] [385518] [HailoRT] [info] [internal_buffer_manager.cpp:212] [print_execution_results] Default Internal buffer planner executed successfully
[2024-12-18 19:57:12.108] [385518] [HailoRT] [info] [device_internal.cpp:57] [configure] Configuring HEF took 22.912384 milliseconds
[2024-12-18 19:57:12.108] [385518] [HailoRT] [info] [vdevice.cpp:753] [configure] Configuring HEF on VDevice took 23.216885 milliseconds
[2024-12-18 19:57:12.109] [385518] [HailoRT] [info] [internal_buffer_manager.cpp:202] [print_execution_results] Default Internal buffer planner failed to meet requirements
[2024-12-18 19:57:12.109] [385518] [HailoRT] [info] [internal_buffer_manager.cpp:212] [print_execution_results] Default Internal buffer planner executed successfully
[2024-12-18 19:57:12.118] [385518] [HailoRT] [info] [device_internal.cpp:57] [configure] Configuring HEF took 9.497876 milliseconds
[2024-12-18 19:57:12.118] [385518] [HailoRT] [info] [vdevice.cpp:753] [configure] Configuring HEF on VDevice took 9.732062 milliseconds
[2024-12-18 19:57:12.118] [385518] [HailoRT] [info] [hef.cpp:1847] [get_network_group_and_network_name] No name was given. Addressing all networks of default network_group: yolov8n
[2024-12-18 19:57:12.118] [385518] [HailoRT] [info] [hef.cpp:1847] [get_network_group_and_network_name] No name was given. Addressing all networks of default network_group: yolov8n
[2024-12-18 19:57:12.118] [385518] [HailoRT] [info] [hef.cpp:1847] [get_network_group_and_network_name] No name was given. Addressing all networks of default network_group: resnet_v1_18
[2024-12-18 19:57:12.118] [385518] [HailoRT] [info] [hef.cpp:1847] [get_network_group_and_network_name] No name was given. Addressing all networks of default network_group: resnet_v1_18
[2024-12-18 19:57:14.296] [385518] [HailoRT] [info] [edge_elements.cpp:52] [create] Created (HwWriteEl1yolov8n/input_layer1 | hw_frame_size: 1228800)
[2024-12-18 19:57:14.297] [385518] [HailoRT] [info] [queue_elements.cpp:261] [create] Created (PushQEl1yolov8n/input_layer1 | timeout: 10s)
[2024-12-18 19:57:14.297] [385518] [HailoRT] [info] [filter_elements.cpp:101] [create] Created (PreInferEl1yolov8n/input_layer1 | Quantization - src_type: FLOAT32, dst_type UINT8, limvals_min: 0, limvals_max: 255 | Reorder - src_order: NHWC, src_shape: (640, 640, 3), dst_order: NHCW, dst_shape: (640, 640, 3))
[2024-12-18 19:57:14.297] [385518] [HailoRT] [info] [vstream.cpp:754] [InputVStreamImpl] Creating yolov8n/input_layer1...
[2024-12-18 19:57:14.297] [385518] [HailoRT] [info] [vstream_builder.cpp:102] [create_inputs] Input pipeline 'yolov8n/input_layer1': (PreInferEl1yolov8n/input_layer1 | Quantization - src_type: FLOAT32, dst_type UINT8, limvals_min: 0, limvals_max: 255 | Reorder - src_order: NHWC, src_shape: (640, 640, 3), dst_order: NHCW, dst_shape: (640, 640, 3)) >> (PushQEl1yolov8n/input_layer1 | timeout: 10s) >> (HwWriteEl1yolov8n/input_layer1 | hw_frame_size: 1228800) >> HW
[2024-12-18 19:57:14.297] [385518] [HailoRT] [info] [multi_io_elements.cpp:162] [create] Created (NmsPPMuxEl0YOLOV8-Post-Process | Op YOLOV8, Name: YOLOV8-Post-Process, Score threshold: 0.200, IoU threshold: 0.70, Classes: 80, Cross classes: false, Max bboxes per class: 100, Image height: 640, Image width: 640)
[2024-12-18 19:57:14.297] [385518] [HailoRT] [info] [edge_elements.cpp:287] [create] Created (HwReadEl2yolov8n/conv41_97 | hw_frame_size: 409600)
[2024-12-18 19:57:14.297] [385518] [HailoRT] [info] [queue_elements.cpp:630] [create] Created (PullQEl_nms2yolov8n/conv41_97 | timeout: 10s)
[2024-12-18 19:57:14.297] [385518] [HailoRT] [info] [edge_elements.cpp:287] [create] Created (HwReadEl3yolov8n/conv42_97 | hw_frame_size: 512000)
[2024-12-18 19:57:14.297] [385518] [HailoRT] [info] [queue_elements.cpp:630] [create] Created (PullQEl_nms3yolov8n/conv42_97 | timeout: 10s)
[2024-12-18 19:57:14.297] [385518] [HailoRT] [info] [edge_elements.cpp:287] [create] Created (HwReadEl1yolov8n/conv52_97 | hw_frame_size: 102400)
[2024-12-18 19:57:14.298] [385518] [HailoRT] [info] [queue_elements.cpp:630] [create] Created (PullQEl_nms1yolov8n/conv52_97 | timeout: 10s)
[2024-12-18 19:57:14.298] [385518] [HailoRT] [info] [edge_elements.cpp:287] [create] Created (HwReadEl0yolov8n/conv53_97 | hw_frame_size: 128000)
[2024-12-18 19:57:14.298] [385518] [HailoRT] [info] [queue_elements.cpp:630] [create] Created (PullQEl_nms0yolov8n/conv53_97 | timeout: 10s)
[2024-12-18 19:57:14.298] [385518] [HailoRT] [info] [edge_elements.cpp:287] [create] Created (HwReadEl2yolov8n/conv62_97 | hw_frame_size: 30720)
[2024-12-18 19:57:14.298] [385518] [HailoRT] [info] [queue_elements.cpp:630] [create] Created (PullQEl_nms2yolov8n/conv62_97 | timeout: 10s)
[2024-12-18 19:57:14.298] [385518] [HailoRT] [info] [edge_elements.cpp:287] [create] Created (HwReadEl0yolov8n/conv63_97 | hw_frame_size: 38400)
[2024-12-18 19:57:14.298] [385518] [HailoRT] [info] [queue_elements.cpp:630] [create] Created (PullQEl_nms0yolov8n/conv63_97 | timeout: 10s)
[2024-12-18 19:57:14.298] [385518] [HailoRT] [info] [queue_elements.cpp:773] [create] Created (UserBufQEl_post_infer0yolov8n/yolov8_nms_postprocess | timeout: 10s)
[2024-12-18 19:57:14.298] [385518] [HailoRT] [info] [vstream.cpp:1114] [OutputVStreamImpl] Creating yolov8n/yolov8_nms_postprocess...
[2024-12-18 19:57:14.298] [385518] [HailoRT] [info] [vstream_builder.cpp:622] [create_output_post_process_nms] Output pipeline 'yolov8n/yolov8_nms_postprocess': HW >> (HwReadEl2yolov8n/conv41_97 | hw_frame_size: 409600) >> (PullQEl_nms2yolov8n/conv41_97) >> (HwReadEl3yolov8n/conv42_97 | hw_frame_size: 512000) >> (PullQEl_nms3yolov8n/conv42_97) >> (HwReadEl1yolov8n/conv52_97 | hw_frame_size: 102400) >> (PullQEl_nms1yolov8n/conv52_97) >> (HwReadEl0yolov8n/conv53_97 | hw_frame_size: 128000) >> (PullQEl_nms0yolov8n/conv53_97) >> (HwReadEl2yolov8n/conv62_97 | hw_frame_size: 30720) >> (PullQEl_nms2yolov8n/conv62_97) >> (HwReadEl0yolov8n/conv63_97 | hw_frame_size: 38400) >> (PullQEl_nms0yolov8n/conv63_97) >> (NmsPPMuxEl0YOLOV8-Post-Process | Op YOLOV8, Name: YOLOV8-Post-Process, Score threshold: 0.200, IoU threshold: 0.70, Classes: 80, Cross classes: false, Max bboxes per class: 100, Image height: 640, Image width: 640) >> (UserBufQEl_post_infer0yolov8n/yolov8_nms_postprocess | timeout: 10s)
[2024-12-18 19:57:14.299] [385518] [HailoRT] [info] [core_op.cpp:156] [activate] Activating yolov8n took 0.458945 milliseconds. Note that the function is asynchronous and thus the network is not fully activated yet.
[2024-12-18 19:57:14.299] [385518] [HailoRT] [info] [core_op.cpp:156] [activate] Activating yolov8n took 0.468519 milliseconds. Note that the function is asynchronous and thus the network is not fully activated yet.
[2024-12-18 19:57:14.310] [385613] [HailoRT] [info] [vdevice_native_stream.cpp:331] [read_impl] Failed read from stream HAILO_STREAM_NOT_ACTIVATED(72) (device: 0000:01:00.0)
[2024-12-18 19:57:14.310] [385617] [HailoRT] [info] [vdevice_native_stream.cpp:331] [read_impl] Failed read from stream HAILO_STREAM_NOT_ACTIVATED(72) (device: 0000:01:00.0)
[2024-12-18 19:57:14.310] [385616] [HailoRT] [info] [vdevice_native_stream.cpp:331] [read_impl] Failed read from stream HAILO_STREAM_NOT_ACTIVATED(72) (device: 0000:01:00.0)
[2024-12-18 19:57:14.310] [385612] [HailoRT] [info] [vdevice_native_stream.cpp:331] [read_impl] Failed read from stream HAILO_STREAM_NOT_ACTIVATED(72) (device: 0000:01:00.0)
[2024-12-18 19:57:14.310] [385614] [HailoRT] [info] [vdevice_native_stream.cpp:331] [read_impl] Failed read from stream HAILO_STREAM_NOT_ACTIVATED(72) (device: 0000:01:00.0)
[2024-12-18 19:57:14.310] [385615] [HailoRT] [info] [vdevice_native_stream.cpp:331] [read_impl] Failed read from stream HAILO_STREAM_NOT_ACTIVATED(72) (device: 0000:01:00.0)
[2024-12-18 19:57:14.310] [385518] [HailoRT] [info] [core_op.cpp:186] [deactivate] Deactivating took 0.44289 ms
[2024-12-18 19:57:14.310] [385518] [HailoRT] [info] [core_op.cpp:186] [deactivate] Deactivating took 0.454334 ms
[2024-12-18 19:57:14.310] [385612] [HailoRT] [info] [queue_elements.cpp:707] [run_in_thread] Shutdown event was signaled in run_pull of queue element PullQEl_nms2yolov8n/conv41_97!
[2024-12-18 19:57:14.310] [385613] [HailoRT] [info] [queue_elements.cpp:707] [run_in_thread] Shutdown event was signaled in run_pull of queue element PullQEl_nms3yolov8n/conv42_97!
[2024-12-18 19:57:14.310] [385614] [HailoRT] [info] [queue_elements.cpp:707] [run_in_thread] Shutdown event was signaled in run_pull of queue element PullQEl_nms1yolov8n/conv52_97!
[2024-12-18 19:57:14.310] [385617] [HailoRT] [info] [queue_elements.cpp:707] [run_in_thread] Shutdown event was signaled in run_pull of queue element PullQEl_nms0yolov8n/conv63_97!
[2024-12-18 19:57:14.310] [385616] [HailoRT] [info] [queue_elements.cpp:707] [run_in_thread] Shutdown event was signaled in run_pull of queue element PullQEl_nms2yolov8n/conv62_97!
[2024-12-18 19:57:14.310] [385615] [HailoRT] [info] [queue_elements.cpp:707] [run_in_thread] Shutdown event was signaled in run_pull of queue element PullQEl_nms0yolov8n/conv53_97!
[2024-12-18 19:57:14.310] [385618] [HailoRT] [info] [queue_elements.cpp:54] [operator()] Thread in element UserBufQEl_post_infer0yolov8n/yolov8_nms_postprocess is not running anymore, exiting..
[2024-12-18 19:57:14.310] [385518] [HailoRT] [info] [queue_elements.cpp:43] [~BaseQueueElement] Queue element UserBufQEl_post_infer0yolov8n/yolov8_nms_postprocess has 0 frames in his Queue on destruction
[2024-12-18 19:57:14.310] [385617] [HailoRT] [info] [queue_elements.cpp:54] [operator()] Thread in element PullQEl_nms0yolov8n/conv63_97 is not running anymore, exiting..
[2024-12-18 19:57:14.310] [385518] [HailoRT] [info] [queue_elements.cpp:43] [~BaseQueueElement] Queue element PullQEl_nms0yolov8n/conv63_97 has 0 frames in his Queue on destruction
[2024-12-18 19:57:14.310] [385616] [HailoRT] [info] [queue_elements.cpp:54] [operator()] Thread in element PullQEl_nms2yolov8n/conv62_97 is not running anymore, exiting..
[2024-12-18 19:57:14.310] [385518] [HailoRT] [info] [queue_elements.cpp:43] [~BaseQueueElement] Queue element PullQEl_nms2yolov8n/conv62_97 has 0 frames in his Queue on destruction
[2024-12-18 19:57:14.310] [385615] [HailoRT] [info] [queue_elements.cpp:54] [operator()] Thread in element PullQEl_nms0yolov8n/conv53_97 is not running anymore, exiting..
[2024-12-18 19:57:14.310] [385518] [HailoRT] [info] [queue_elements.cpp:43] [~BaseQueueElement] Queue element PullQEl_nms0yolov8n/conv53_97 has 0 frames in his Queue on destruction
[2024-12-18 19:57:14.310] [385614] [HailoRT] [info] [queue_elements.cpp:54] [operator()] Thread in element PullQEl_nms1yolov8n/conv52_97 is not running anymore, exiting..
[2024-12-18 19:57:14.310] [385518] [HailoRT] [info] [queue_elements.cpp:43] [~BaseQueueElement] Queue element PullQEl_nms1yolov8n/conv52_97 has 0 frames in his Queue on destruction
[2024-12-18 19:57:14.310] [385613] [HailoRT] [info] [queue_elements.cpp:54] [operator()] Thread in element PullQEl_nms3yolov8n/conv42_97 is not running anymore, exiting..
[2024-12-18 19:57:14.310] [385518] [HailoRT] [info] [queue_elements.cpp:43] [~BaseQueueElement] Queue element PullQEl_nms3yolov8n/conv42_97 has 0 frames in his Queue on destruction
[2024-12-18 19:57:14.310] [385612] [HailoRT] [info] [queue_elements.cpp:54] [operator()] Thread in element PullQEl_nms2yolov8n/conv41_97 is not running anymore, exiting..
[2024-12-18 19:57:14.311] [385518] [HailoRT] [info] [queue_elements.cpp:43] [~BaseQueueElement] Queue element PullQEl_nms2yolov8n/conv41_97 has 0 frames in his Queue on destruction
[2024-12-18 19:57:14.311] [385611] [HailoRT] [info] [queue_elements.cpp:54] [operator()] Thread in element PushQEl1yolov8n/input_layer1 is not running anymore, exiting..
[2024-12-18 19:57:14.311] [385518] [HailoRT] [info] [queue_elements.cpp:43] [~BaseQueueElement] Queue element PushQEl1yolov8n/input_layer1 has 0 frames in his Queue on destruction
[2024-12-18 19:57:24.906] [385753] [HailoRT] [info] [device.cpp:51] [Device] OS Version: Linux 6.6.62+rpt-rpi-2712 #1 SMP PREEMPT Debian 1:6.6.62-1+rpt1 (2024-11-25) aarch64
[2024-12-18 19:57:24.907] [385753] [HailoRT] [info] [control.cpp:109] [control__parse_identify_results] firmware_version is: 4.19.0
[2024-12-18 19:57:24.907] [385753] [HailoRT] [info] [vdevice.cpp:655] [create] VDevice Infos: 0000:01:00.0
[2024-12-18 19:57:25.032] [385753] [HailoRT] [info] [internal_buffer_manager.cpp:204] [print_execution_results] Planned internal buffer memory: CMA memory 0, user memory 777728. memory to edge layer usage factor is 1
[2024-12-18 19:57:25.032] [385753] [HailoRT] [info] [internal_buffer_manager.cpp:212] [print_execution_results] Default Internal buffer planner executed successfully
[2024-12-18 19:57:25.049] [385753] [HailoRT] [info] [device_internal.cpp:57] [configure] Configuring HEF took 23.041643 milliseconds
[2024-12-18 19:57:25.049] [385753] [HailoRT] [info] [vdevice.cpp:753] [configure] Configuring HEF on VDevice took 23.351792 milliseconds
[2024-12-18 19:57:25.050] [385753] [HailoRT] [info] [internal_buffer_manager.cpp:202] [print_execution_results] Default Internal buffer planner failed to meet requirements
[2024-12-18 19:57:25.050] [385753] [HailoRT] [info] [internal_buffer_manager.cpp:212] [print_execution_results] Default Internal buffer planner executed successfully
[2024-12-18 19:57:25.059] [385753] [HailoRT] [info] [device_internal.cpp:57] [configure] Configuring HEF took 9.79871 milliseconds
[2024-12-18 19:57:25.059] [385753] [HailoRT] [info] [vdevice.cpp:753] [configure] Configuring HEF on VDevice took 10.035266 milliseconds
[2024-12-18 19:57:25.059] [385753] [HailoRT] [info] [hef.cpp:1847] [get_network_group_and_network_name] No name was given. Addressing all networks of default network_group: yolov8n
[2024-12-18 19:57:25.059] [385753] [HailoRT] [info] [hef.cpp:1847] [get_network_group_and_network_name] No name was given. Addressing all networks of default network_group: yolov8n
[2024-12-18 19:57:25.059] [385753] [HailoRT] [info] [hef.cpp:1847] [get_network_group_and_network_name] No name was given. Addressing all networks of default network_group: resnet_v1_18
[2024-12-18 19:57:25.059] [385753] [HailoRT] [info] [hef.cpp:1847] [get_network_group_and_network_name] No name was given. Addressing all networks of default network_group: resnet_v1_18
[2024-12-18 19:57:27.236] [385753] [HailoRT] [info] [edge_elements.cpp:52] [create] Created (HwWriteEl1yolov8n/input_layer1 | hw_frame_size: 1228800)
[2024-12-18 19:57:27.236] [385753] [HailoRT] [info] [queue_elements.cpp:261] [create] Created (PushQEl1yolov8n/input_layer1 | timeout: 10s)
[2024-12-18 19:57:27.236] [385753] [HailoRT] [info] [filter_elements.cpp:101] [create] Created (PreInferEl1yolov8n/input_layer1 | Quantization - src_type: FLOAT32, dst_type UINT8, limvals_min: 0, limvals_max: 255 | Reorder - src_order: NHWC, src_shape: (640, 640, 3), dst_order: NHCW, dst_shape: (640, 640, 3))
[2024-12-18 19:57:27.236] [385753] [HailoRT] [info] [vstream.cpp:754] [InputVStreamImpl] Creating yolov8n/input_layer1...
[2024-12-18 19:57:27.236] [385753] [HailoRT] [info] [vstream_builder.cpp:102] [create_inputs] Input pipeline 'yolov8n/input_layer1': (PreInferEl1yolov8n/input_layer1 | Quantization - src_type: FLOAT32, dst_type UINT8, limvals_min: 0, limvals_max: 255 | Reorder - src_order: NHWC, src_shape: (640, 640, 3), dst_order: NHCW, dst_shape: (640, 640, 3)) >> (PushQEl1yolov8n/input_layer1 | timeout: 10s) >> (HwWriteEl1yolov8n/input_layer1 | hw_frame_size: 1228800) >> HW
[2024-12-18 19:57:27.237] [385753] [HailoRT] [info] [multi_io_elements.cpp:162] [create] Created (NmsPPMuxEl0YOLOV8-Post-Process | Op YOLOV8, Name: YOLOV8-Post-Process, Score threshold: 0.200, IoU threshold: 0.70, Classes: 80, Cross classes: false, Max bboxes per class: 100, Image height: 640, Image width: 640)
[2024-12-18 19:57:27.237] [385753] [HailoRT] [info] [edge_elements.cpp:287] [create] Created (HwReadEl2yolov8n/conv41_97 | hw_frame_size: 409600)
[2024-12-18 19:57:27.237] [385753] [HailoRT] [info] [queue_elements.cpp:630] [create] Created (PullQEl_nms2yolov8n/conv41_97 | timeout: 10s)
[2024-12-18 19:57:27.237] [385753] [HailoRT] [info] [edge_elements.cpp:287] [create] Created (HwReadEl3yolov8n/conv42_97 | hw_frame_size: 512000)
[2024-12-18 19:57:27.237] [385753] [HailoRT] [info] [queue_elements.cpp:630] [create] Created (PullQEl_nms3yolov8n/conv42_97 | timeout: 10s)
[2024-12-18 19:57:27.237] [385753] [HailoRT] [info] [edge_elements.cpp:287] [create] Created (HwReadEl1yolov8n/conv52_97 | hw_frame_size: 102400)
[2024-12-18 19:57:27.237] [385753] [HailoRT] [info] [queue_elements.cpp:630] [create] Created (PullQEl_nms1yolov8n/conv52_97 | timeout: 10s)
[2024-12-18 19:57:27.237] [385753] [HailoRT] [info] [edge_elements.cpp:287] [create] Created (HwReadEl0yolov8n/conv53_97 | hw_frame_size: 128000)
[2024-12-18 19:57:27.237] [385753] [HailoRT] [info] [queue_elements.cpp:630] [create] Created (PullQEl_nms0yolov8n/conv53_97 | timeout: 10s)
[2024-12-18 19:57:27.237] [385753] [HailoRT] [info] [edge_elements.cpp:287] [create] Created (HwReadEl2yolov8n/conv62_97 | hw_frame_size: 30720)
[2024-12-18 19:57:27.237] [385753] [HailoRT] [info] [queue_elements.cpp:630] [create] Created (PullQEl_nms2yolov8n/conv62_97 | timeout: 10s)
[2024-12-18 19:57:27.237] [385753] [HailoRT] [info] [edge_elements.cpp:287] [create] Created (HwReadEl0yolov8n/conv63_97 | hw_frame_size: 38400)
[2024-12-18 19:57:27.237] [385753] [HailoRT] [info] [queue_elements.cpp:630] [create] Created (PullQEl_nms0yolov8n/conv63_97 | timeout: 10s)
[2024-12-18 19:57:27.237] [385753] [HailoRT] [info] [queue_elements.cpp:773] [create] Created (UserBufQEl_post_infer0yolov8n/yolov8_nms_postprocess | timeout: 10s)
[2024-12-18 19:57:27.237] [385753] [HailoRT] [info] [vstream.cpp:1114] [OutputVStreamImpl] Creating yolov8n/yolov8_nms_postprocess...
[2024-12-18 19:57:27.237] [385753] [HailoRT] [info] [vstream_builder.cpp:622] [create_output_post_process_nms] Output pipeline 'yolov8n/yolov8_nms_postprocess': HW >> (HwReadEl2yolov8n/conv41_97 | hw_frame_size: 409600) >> (PullQEl_nms2yolov8n/conv41_97) >> (HwReadEl3yolov8n/conv42_97 | hw_frame_size: 512000) >> (PullQEl_nms3yolov8n/conv42_97) >> (HwReadEl1yolov8n/conv52_97 | hw_frame_size: 102400) >> (PullQEl_nms1yolov8n/conv52_97) >> (HwReadEl0yolov8n/conv53_97 | hw_frame_size: 128000) >> (PullQEl_nms0yolov8n/conv53_97) >> (HwReadEl2yolov8n/conv62_97 | hw_frame_size: 30720) >> (PullQEl_nms2yolov8n/conv62_97) >> (HwReadEl0yolov8n/conv63_97 | hw_frame_size: 38400) >> (PullQEl_nms0yolov8n/conv63_97) >> (NmsPPMuxEl0YOLOV8-Post-Process | Op YOLOV8, Name: YOLOV8-Post-Process, Score threshold: 0.200, IoU threshold: 0.70, Classes: 80, Cross classes: false, Max bboxes per class: 100, Image height: 640, Image width: 640) >> (UserBufQEl_post_infer0yolov8n/yolov8_nms_postprocess | timeout: 10s)
[2024-12-18 19:57:27.238] [385753] [HailoRT] [info] [core_op.cpp:156] [activate] Activating yolov8n took 0.468741 milliseconds. Note that the function is asynchronous and thus the network is not fully activated yet.
[2024-12-18 19:57:27.238] [385753] [HailoRT] [info] [core_op.cpp:156] [activate] Activating yolov8n took 0.478259 milliseconds. Note that the function is asynchronous and thus the network is not fully activated yet.
[2024-12-18 19:57:27.249] [385836] [HailoRT] [info] [vdevice_native_stream.cpp:331] [read_impl] Failed read from stream HAILO_STREAM_NOT_ACTIVATED(72) (device: 0000:01:00.0)
[2024-12-18 19:57:27.249] [385835] [HailoRT] [info] [vdevice_native_stream.cpp:331] [read_impl] Failed read from stream HAILO_STREAM_NOT_ACTIVATED(72) (device: 0000:01:00.0)
[2024-12-18 19:57:27.249] [385832] [HailoRT] [info] [vdevice_native_stream.cpp:331] [read_impl] Failed read from stream HAILO_STREAM_NOT_ACTIVATED(72) (device: 0000:01:00.0)
[2024-12-18 19:57:27.249] [385837] [HailoRT] [info] [vdevice_native_stream.cpp:331] [read_impl] Failed read from stream HAILO_STREAM_NOT_ACTIVATED(72) (device: 0000:01:00.0)
[2024-12-18 19:57:27.249] [385833] [HailoRT] [info] [vdevice_native_stream.cpp:331] [read_impl] Failed read from stream HAILO_STREAM_NOT_ACTIVATED(72) (device: 0000:01:00.0)
[2024-12-18 19:57:27.249] [385834] [HailoRT] [info] [vdevice_native_stream.cpp:331] [read_impl] Failed read from stream HAILO_STREAM_NOT_ACTIVATED(72) (device: 0000:01:00.0)
[2024-12-18 19:57:27.249] [385753] [HailoRT] [info] [core_op.cpp:186] [deactivate] Deactivating took 0.441444 ms
[2024-12-18 19:57:27.249] [385753] [HailoRT] [info] [core_op.cpp:186] [deactivate] Deactivating took 0.453167 ms
[2024-12-18 19:57:27.249] [385832] [HailoRT] [info] [queue_elements.cpp:707] [run_in_thread] Shutdown event was signaled in run_pull of queue element PullQEl_nms2yolov8n/conv41_97!
[2024-12-18 19:57:27.249] [385835] [HailoRT] [info] [queue_elements.cpp:707] [run_in_thread] Shutdown event was signaled in run_pull of queue element PullQEl_nms0yolov8n/conv53_97!
[2024-12-18 19:57:27.249] [385837] [HailoRT] [info] [queue_elements.cpp:707] [run_in_thread] Shutdown event was signaled in run_pull of queue element PullQEl_nms0yolov8n/conv63_97!
[2024-12-18 19:57:27.249] [385833] [HailoRT] [info] [queue_elements.cpp:707] [run_in_thread] Shutdown event was signaled in run_pull of queue element PullQEl_nms3yolov8n/conv42_97!
[2024-12-18 19:57:27.249] [385836] [HailoRT] [info] [queue_elements.cpp:707] [run_in_thread] Shutdown event was signaled in run_pull of queue element PullQEl_nms2yolov8n/conv62_97!
[2024-12-18 19:57:27.249] [385834] [HailoRT] [info] [queue_elements.cpp:707] [run_in_thread] Shutdown event was signaled in run_pull of queue element PullQEl_nms1yolov8n/conv52_97!
[2024-12-18 19:57:27.250] [385838] [HailoRT] [info] [queue_elements.cpp:54] [operator()] Thread in element UserBufQEl_post_infer0yolov8n/yolov8_nms_postprocess is not running anymore, exiting..
[2024-12-18 19:57:27.250] [385753] [HailoRT] [info] [queue_elements.cpp:43] [~BaseQueueElement] Queue element UserBufQEl_post_infer0yolov8n/yolov8_nms_postprocess has 0 frames in his Queue on destruction
[2024-12-18 19:57:27.250] [385837] [HailoRT] [info] [queue_elements.cpp:54] [operator()] Thread in element PullQEl_nms0yolov8n/conv63_97 is not running anymore, exiting..
[2024-12-18 19:57:27.250] [385753] [HailoRT] [info] [queue_elements.cpp:43] [~BaseQueueElement] Queue element PullQEl_nms0yolov8n/conv63_97 has 0 frames in his Queue on destruction
[2024-12-18 19:57:27.250] [385836] [HailoRT] [info] [queue_elements.cpp:54] [operator()] Thread in element PullQEl_nms2yolov8n/conv62_97 is not running anymore, exiting..
[2024-12-18 19:57:27.250] [385753] [HailoRT] [info] [queue_elements.cpp:43] [~BaseQueueElement] Queue element PullQEl_nms2yolov8n/conv62_97 has 0 frames in his Queue on destruction
[2024-12-18 19:57:27.250] [385835] [HailoRT] [info] [queue_elements.cpp:54] [operator()] Thread in element PullQEl_nms0yolov8n/conv53_97 is not running anymore, exiting..
[2024-12-18 19:57:27.250] [385753] [HailoRT] [info] [queue_elements.cpp:43] [~BaseQueueElement] Queue element PullQEl_nms0yolov8n/conv53_97 has 0 frames in his Queue on destruction
[2024-12-18 19:57:27.250] [385834] [HailoRT] [info] [queue_elements.cpp:54] [operator()] Thread in element PullQEl_nms1yolov8n/conv52_97 is not running anymore, exiting..
[2024-12-18 19:57:27.250] [385753] [HailoRT] [info] [queue_elements.cpp:43] [~BaseQueueElement] Queue element PullQEl_nms1yolov8n/conv52_97 has 0 frames in his Queue on destruction
[2024-12-18 19:57:27.250] [385833] [HailoRT] [info] [queue_elements.cpp:54] [operator()] Thread in element PullQEl_nms3yolov8n/conv42_97 is not running anymore, exiting..
[2024-12-18 19:57:27.250] [385753] [HailoRT] [info] [queue_elements.cpp:43] [~BaseQueueElement] Queue element PullQEl_nms3yolov8n/conv42_97 has 0 frames in his Queue on destruction
[2024-12-18 19:57:27.250] [385832] [HailoRT] [info] [queue_elements.cpp:54] [operator()] Thread in element PullQEl_nms2yolov8n/conv41_97 is not running anymore, exiting..
[2024-12-18 19:57:27.250] [385753] [HailoRT] [info] [queue_elements.cpp:43] [~BaseQueueElement] Queue element PullQEl_nms2yolov8n/conv41_97 has 0 frames in his Queue on destruction
[2024-12-18 19:57:27.250] [385831] [HailoRT] [info] [queue_elements.cpp:54] [operator()] Thread in element PushQEl1yolov8n/input_layer1 is not running anymore, exiting..
[2024-12-18 19:57:27.250] [385753] [HailoRT] [info] [queue_elements.cpp:43] [~BaseQueueElement] Queue element PushQEl1yolov8n/input_layer1 has 0 frames in his Queue on destruction
[2024-12-18 19:57:43.152] [386033] [HailoRT] [info] [device.cpp:51] [Device] OS Version: Linux 6.6.62+rpt-rpi-2712 #1 SMP PREEMPT Debian 1:6.6.62-1+rpt1 (2024-11-25) aarch64
[2024-12-18 19:57:43.153] [386033] [HailoRT] [info] [control.cpp:109] [control__parse_identify_results] firmware_version is: 4.19.0
[2024-12-18 19:57:43.153] [386033] [HailoRT] [info] [vdevice.cpp:655] [create] VDevice Infos: 0000:01:00.0
[2024-12-18 19:57:43.275] [386033] [HailoRT] [info] [internal_buffer_manager.cpp:204] [print_execution_results] Planned internal buffer memory: CMA memory 0, user memory 777728. memory to edge layer usage factor is 1
[2024-12-18 19:57:43.275] [386033] [HailoRT] [info] [internal_buffer_manager.cpp:212] [print_execution_results] Default Internal buffer planner executed successfully
[2024-12-18 19:57:43.292] [386033] [HailoRT] [info] [device_internal.cpp:57] [configure] Configuring HEF took 22.890477 milliseconds
[2024-12-18 19:57:43.292] [386033] [HailoRT] [info] [vdevice.cpp:753] [configure] Configuring HEF on VDevice took 23.19907 milliseconds
[2024-12-18 19:57:43.293] [386033] [HailoRT] [info] [internal_buffer_manager.cpp:202] [print_execution_results] Default Internal buffer planner failed to meet requirements
[2024-12-18 19:57:43.293] [386033] [HailoRT] [info] [internal_buffer_manager.cpp:212] [print_execution_results] Default Internal buffer planner executed successfully
[2024-12-18 19:57:43.302] [386033] [HailoRT] [info] [device_internal.cpp:57] [configure] Configuring HEF took 9.484709 milliseconds
[2024-12-18 19:57:43.302] [386033] [HailoRT] [info] [vdevice.cpp:753] [configure] Configuring HEF on VDevice took 9.709691 milliseconds
[2024-12-18 19:57:43.302] [386033] [HailoRT] [info] [hef.cpp:1847] [get_network_group_and_network_name] No name was given. Addressing all networks of default network_group: yolov8n
[2024-12-18 19:57:43.302] [386033] [HailoRT] [info] [hef.cpp:1847] [get_network_group_and_network_name] No name was given. Addressing all networks of default network_group: yolov8n
[2024-12-18 19:57:43.302] [386033] [HailoRT] [info] [hef.cpp:1847] [get_network_group_and_network_name] No name was given. Addressing all networks of default network_group: resnet_v1_18
[2024-12-18 19:57:43.302] [386033] [HailoRT] [info] [hef.cpp:1847] [get_network_group_and_network_name] No name was given. Addressing all networks of default network_group: resnet_v1_18
[2024-12-18 19:57:45.519] [386033] [HailoRT] [info] [edge_elements.cpp:52] [create] Created (HwWriteEl1yolov8n/input_layer1 | hw_frame_size: 1228800)
[2024-12-18 19:57:45.519] [386033] [HailoRT] [info] [queue_elements.cpp:261] [create] Created (PushQEl1yolov8n/input_layer1 | timeout: 10s)
[2024-12-18 19:57:45.519] [386033] [HailoRT] [info] [filter_elements.cpp:101] [create] Created (PreInferEl1yolov8n/input_layer1 | Quantization - src_type: FLOAT32, dst_type UINT8, limvals_min: 0, limvals_max: 255 | Reorder - src_order: NHWC, src_shape: (640, 640, 3), dst_order: NHCW, dst_shape: (640, 640, 3))
[2024-12-18 19:57:45.519] [386033] [HailoRT] [info] [vstream.cpp:754] [InputVStreamImpl] Creating yolov8n/input_layer1...
[2024-12-18 19:57:45.519] [386033] [HailoRT] [info] [vstream_builder.cpp:102] [create_inputs] Input pipeline 'yolov8n/input_layer1': (PreInferEl1yolov8n/input_layer1 | Quantization - src_type: FLOAT32, dst_type UINT8, limvals_min: 0, limvals_max: 255 | Reorder - src_order: NHWC, src_shape: (640, 640, 3), dst_order: NHCW, dst_shape: (640, 640, 3)) >> (PushQEl1yolov8n/input_layer1 | timeout: 10s) >> (HwWriteEl1yolov8n/input_layer1 | hw_frame_size: 1228800) >> HW
[2024-12-18 19:57:45.519] [386033] [HailoRT] [info] [multi_io_elements.cpp:162] [create] Created (NmsPPMuxEl0YOLOV8-Post-Process | Op YOLOV8, Name: YOLOV8-Post-Process, Score threshold: 0.200, IoU threshold: 0.70, Classes: 80, Cross classes: false, Max bboxes per class: 100, Image height: 640, Image width: 640)
[2024-12-18 19:57:45.519] [386033] [HailoRT] [info] [edge_elements.cpp:287] [create] Created (HwReadEl2yolov8n/conv41_97 | hw_frame_size: 409600)
[2024-12-18 19:57:45.520] [386033] [HailoRT] [info] [queue_elements.cpp:630] [create] Created (PullQEl_nms2yolov8n/conv41_97 | timeout: 10s)
[2024-12-18 19:57:45.520] [386033] [HailoRT] [info] [edge_elements.cpp:287] [create] Created (HwReadEl3yolov8n/conv42_97 | hw_frame_size: 512000)
[2024-12-18 19:57:45.520] [386033] [HailoRT] [info] [queue_elements.cpp:630] [create] Created (PullQEl_nms3yolov8n/conv42_97 | timeout: 10s)
[2024-12-18 19:57:45.520] [386033] [HailoRT] [info] [edge_elements.cpp:287] [create] Created (HwReadEl1yolov8n/conv52_97 | hw_frame_size: 102400)
[2024-12-18 19:57:45.520] [386033] [HailoRT] [info] [queue_elements.cpp:630] [create] Created (PullQEl_nms1yolov8n/conv52_97 | timeout: 10s)
[2024-12-18 19:57:45.520] [386033] [HailoRT] [info] [edge_elements.cpp:287] [create] Created (HwReadEl0yolov8n/conv53_97 | hw_frame_size: 128000)
[2024-12-18 19:57:45.520] [386033] [HailoRT] [info] [queue_elements.cpp:630] [create] Created (PullQEl_nms0yolov8n/conv53_97 | timeout: 10s)
[2024-12-18 19:57:45.520] [386033] [HailoRT] [info] [edge_elements.cpp:287] [create] Created (HwReadEl2yolov8n/conv62_97 | hw_frame_size: 30720)
[2024-12-18 19:57:45.520] [386033] [HailoRT] [info] [queue_elements.cpp:630] [create] Created (PullQEl_nms2yolov8n/conv62_97 | timeout: 10s)
[2024-12-18 19:57:45.520] [386033] [HailoRT] [info] [edge_elements.cpp:287] [create] Created (HwReadEl0yolov8n/conv63_97 | hw_frame_size: 38400)
[2024-12-18 19:57:45.520] [386033] [HailoRT] [info] [queue_elements.cpp:630] [create] Created (PullQEl_nms0yolov8n/conv63_97 | timeout: 10s)
[2024-12-18 19:57:45.520] [386033] [HailoRT] [info] [queue_elements.cpp:773] [create] Created (UserBufQEl_post_infer0yolov8n/yolov8_nms_postprocess | timeout: 10s)
[2024-12-18 19:57:45.520] [386033] [HailoRT] [info] [vstream.cpp:1114] [OutputVStreamImpl] Creating yolov8n/yolov8_nms_postprocess...
[2024-12-18 19:57:45.520] [386033] [HailoRT] [info] [vstream_builder.cpp:622] [create_output_post_process_nms] Output pipeline 'yolov8n/yolov8_nms_postprocess': HW >> (HwReadEl2yolov8n/conv41_97 | hw_frame_size: 409600) >> (PullQEl_nms2yolov8n/conv41_97) >> (HwReadEl3yolov8n/conv42_97 | hw_frame_size: 512000) >> (PullQEl_nms3yolov8n/conv42_97) >> (HwReadEl1yolov8n/conv52_97 | hw_frame_size: 102400) >> (PullQEl_nms1yolov8n/conv52_97) >> (HwReadEl0yolov8n/conv53_97 | hw_frame_size: 128000) >> (PullQEl_nms0yolov8n/conv53_97) >> (HwReadEl2yolov8n/conv62_97 | hw_frame_size: 30720) >> (PullQEl_nms2yolov8n/conv62_97) >> (HwReadEl0yolov8n/conv63_97 | hw_frame_size: 38400) >> (PullQEl_nms0yolov8n/conv63_97) >> (NmsPPMuxEl0YOLOV8-Post-Process | Op YOLOV8, Name: YOLOV8-Post-Process, Score threshold: 0.200, IoU threshold: 0.70, Classes: 80, Cross classes: false, Max bboxes per class: 100, Image height: 640, Image width: 640) >> (UserBufQEl_post_infer0yolov8n/yolov8_nms_postprocess | timeout: 10s)
[2024-12-18 19:57:45.521] [386033] [HailoRT] [info] [core_op.cpp:156] [activate] Activating yolov8n took 0.462444 milliseconds. Note that the function is asynchronous and thus the network is not fully activated yet.
[2024-12-18 19:57:45.521] [386033] [HailoRT] [info] [core_op.cpp:156] [activate] Activating yolov8n took 0.471908 milliseconds. Note that the function is asynchronous and thus the network is not fully activated yet.
[2024-12-18 19:57:45.532] [386112] [HailoRT] [info] [vdevice_native_stream.cpp:331] [read_impl] Failed read from stream HAILO_STREAM_NOT_ACTIVATED(72) (device: 0000:01:00.0)
[2024-12-18 19:57:45.532] [386114] [HailoRT] [info] [vdevice_native_stream.cpp:331] [read_impl] Failed read from stream HAILO_STREAM_NOT_ACTIVATED(72) (device: 0000:01:00.0)
[2024-12-18 19:57:45.532] [386117] [HailoRT] [info] [vdevice_native_stream.cpp:331] [read_impl] Failed read from stream HAILO_STREAM_NOT_ACTIVATED(72) (device: 0000:01:00.0)
[2024-12-18 19:57:45.532] [386113] [HailoRT] [info] [vdevice_native_stream.cpp:331] [read_impl] Failed read from stream HAILO_STREAM_NOT_ACTIVATED(72) (device: 0000:01:00.0)
[2024-12-18 19:57:45.532] [386116] [HailoRT] [info] [vdevice_native_stream.cpp:331] [read_impl] Failed read from stream HAILO_STREAM_NOT_ACTIVATED(72) (device: 0000:01:00.0)
[2024-12-18 19:57:45.532] [386115] [HailoRT] [info] [vdevice_native_stream.cpp:331] [read_impl] Failed read from stream HAILO_STREAM_NOT_ACTIVATED(72) (device: 0000:01:00.0)
[2024-12-18 19:57:45.532] [386033] [HailoRT] [info] [core_op.cpp:186] [deactivate] Deactivating took 0.460407 ms
[2024-12-18 19:57:45.532] [386033] [HailoRT] [info] [core_op.cpp:186] [deactivate] Deactivating took 0.471353 ms
[2024-12-18 19:57:45.532] [386112] [HailoRT] [info] [queue_elements.cpp:707] [run_in_thread] Shutdown event was signaled in run_pull of queue element PullQEl_nms2yolov8n/conv41_97!
[2024-12-18 19:57:45.532] [386114] [HailoRT] [info] [queue_elements.cpp:707] [run_in_thread] Shutdown event was signaled in run_pull of queue element PullQEl_nms1yolov8n/conv52_97!
[2024-12-18 19:57:45.532] [386115] [HailoRT] [info] [queue_elements.cpp:707] [run_in_thread] Shutdown event was signaled in run_pull of queue element PullQEl_nms0yolov8n/conv53_97!
[2024-12-18 19:57:45.532] [386113] [HailoRT] [info] [queue_elements.cpp:707] [run_in_thread] Shutdown event was signaled in run_pull of queue element PullQEl_nms3yolov8n/conv42_97!
[2024-12-18 19:57:45.532] [386117] [HailoRT] [info] [queue_elements.cpp:707] [run_in_thread] Shutdown event was signaled in run_pull of queue element PullQEl_nms0yolov8n/conv63_97!
[2024-12-18 19:57:45.532] [386116] [HailoRT] [info] [queue_elements.cpp:707] [run_in_thread] Shutdown event was signaled in run_pull of queue element PullQEl_nms2yolov8n/conv62_97!
[2024-12-18 19:57:45.532] [386118] [HailoRT] [info] [queue_elements.cpp:54] [operator()] Thread in element UserBufQEl_post_infer0yolov8n/yolov8_nms_postprocess is not running anymore, exiting..
[2024-12-18 19:57:45.532] [386033] [HailoRT] [info] [queue_elements.cpp:43] [~BaseQueueElement] Queue element UserBufQEl_post_infer0yolov8n/yolov8_nms_postprocess has 0 frames in his Queue on destruction
[2024-12-18 19:57:45.532] [386117] [HailoRT] [info] [queue_elements.cpp:54] [operator()] Thread in element PullQEl_nms0yolov8n/conv63_97 is not running anymore, exiting..
[2024-12-18 19:57:45.532] [386033] [HailoRT] [info] [queue_elements.cpp:43] [~BaseQueueElement] Queue element PullQEl_nms0yolov8n/conv63_97 has 0 frames in his Queue on destruction
[2024-12-18 19:57:45.533] [386116] [HailoRT] [info] [queue_elements.cpp:54] [operator()] Thread in element PullQEl_nms2yolov8n/conv62_97 is not running anymore, exiting..
[2024-12-18 19:57:45.533] [386033] [HailoRT] [info] [queue_elements.cpp:43] [~BaseQueueElement] Queue element PullQEl_nms2yolov8n/conv62_97 has 0 frames in his Queue on destruction
[2024-12-18 19:57:45.533] [386115] [HailoRT] [info] [queue_elements.cpp:54] [operator()] Thread in element PullQEl_nms0yolov8n/conv53_97 is not running anymore, exiting..
[2024-12-18 19:57:45.533] [386033] [HailoRT] [info] [queue_elements.cpp:43] [~BaseQueueElement] Queue element PullQEl_nms0yolov8n/conv53_97 has 0 frames in his Queue on destruction
[2024-12-18 19:57:45.533] [386114] [HailoRT] [info] [queue_elements.cpp:54] [operator()] Thread in element PullQEl_nms1yolov8n/conv52_97 is not running anymore, exiting..
[2024-12-18 19:57:45.533] [386033] [HailoRT] [info] [queue_elements.cpp:43] [~BaseQueueElement] Queue element PullQEl_nms1yolov8n/conv52_97 has 0 frames in his Queue on destruction
[2024-12-18 19:57:45.533] [386113] [HailoRT] [info] [queue_elements.cpp:54] [operator()] Thread in element PullQEl_nms3yolov8n/conv42_97 is not running anymore, exiting..
[2024-12-18 19:57:45.533] [386033] [HailoRT] [info] [queue_elements.cpp:43] [~BaseQueueElement] Queue element PullQEl_nms3yolov8n/conv42_97 has 0 frames in his Queue on destruction
[2024-12-18 19:57:45.533] [386112] [HailoRT] [info] [queue_elements.cpp:54] [operator()] Thread in element PullQEl_nms2yolov8n/conv41_97 is not running anymore, exiting..
[2024-12-18 19:57:45.533] [386033] [HailoRT] [info] [queue_elements.cpp:43] [~BaseQueueElement] Queue element PullQEl_nms2yolov8n/conv41_97 has 0 frames in his Queue on destruction
[2024-12-18 19:57:45.533] [386111] [HailoRT] [info] [queue_elements.cpp:54] [operator()] Thread in element PushQEl1yolov8n/input_layer1 is not running anymore, exiting..
[2024-12-18 19:57:45.533] [386033] [HailoRT] [info] [queue_elements.cpp:43] [~BaseQueueElement] Queue element PushQEl1yolov8n/input_layer1 has 0 frames in his Queue on destruction
[2024-12-18 19:58:12.376] [386447] [HailoRT] [info] [device.cpp:51] [Device] OS Version: Linux 6.6.62+rpt-rpi-2712 #1 SMP PREEMPT Debian 1:6.6.62-1+rpt1 (2024-11-25) aarch64
[2024-12-18 19:58:12.381] [386447] [HailoRT] [info] [control.cpp:109] [control__parse_identify_results] firmware_version is: 4.19.0
[2024-12-18 19:58:12.381] [386447] [HailoRT] [info] [vdevice.cpp:655] [create] VDevice Infos: 0000:01:00.0
[2024-12-18 19:58:12.504] [386447] [HailoRT] [info] [internal_buffer_manager.cpp:204] [print_execution_results] Planned internal buffer memory: CMA memory 0, user memory 777728. memory to edge layer usage factor is 1
[2024-12-18 19:58:12.504] [386447] [HailoRT] [info] [internal_buffer_manager.cpp:212] [print_execution_results] Default Internal buffer planner executed successfully
[2024-12-18 19:58:12.522] [386447] [HailoRT] [info] [device_internal.cpp:57] [configure] Configuring HEF took 22.769218 milliseconds
[2024-12-18 19:58:12.522] [386447] [HailoRT] [info] [vdevice.cpp:753] [configure] Configuring HEF on VDevice took 24.322848 milliseconds
[2024-12-18 19:58:12.523] [386447] [HailoRT] [info] [internal_buffer_manager.cpp:202] [print_execution_results] Default Internal buffer planner failed to meet requirements
[2024-12-18 19:58:12.523] [386447] [HailoRT] [info] [internal_buffer_manager.cpp:212] [print_execution_results] Default Internal buffer planner executed successfully
[2024-12-18 19:58:12.531] [386447] [HailoRT] [info] [device_internal.cpp:57] [configure] Configuring HEF took 9.448228 milliseconds
[2024-12-18 19:58:12.532] [386447] [HailoRT] [info] [vdevice.cpp:753] [configure] Configuring HEF on VDevice took 9.671117 milliseconds
[2024-12-18 19:58:12.532] [386447] [HailoRT] [info] [hef.cpp:1847] [get_network_group_and_network_name] No name was given. Addressing all networks of default network_group: yolov8n
[2024-12-18 19:58:12.532] [386447] [HailoRT] [info] [hef.cpp:1847] [get_network_group_and_network_name] No name was given. Addressing all networks of default network_group: yolov8n
[2024-12-18 19:58:12.532] [386447] [HailoRT] [info] [hef.cpp:1847] [get_network_group_and_network_name] No name was given. Addressing all networks of default network_group: resnet_v1_18
[2024-12-18 19:58:12.532] [386447] [HailoRT] [info] [hef.cpp:1847] [get_network_group_and_network_name] No name was given. Addressing all networks of default network_group: resnet_v1_18
[2024-12-18 19:58:14.720] [386447] [HailoRT] [info] [edge_elements.cpp:52] [create] Created (HwWriteEl1yolov8n/input_layer1 | hw_frame_size: 1228800)
[2024-12-18 19:58:14.720] [386447] [HailoRT] [info] [queue_elements.cpp:261] [create] Created (PushQEl1yolov8n/input_layer1 | timeout: 10s)
[2024-12-18 19:58:14.721] [386447] [HailoRT] [info] [filter_elements.cpp:101] [create] Created (PreInferEl1yolov8n/input_layer1 | Quantization - src_type: FLOAT32, dst_type UINT8, limvals_min: 0, limvals_max: 255 | Reorder - src_order: NHWC, src_shape: (640, 640, 3), dst_order: NHCW, dst_shape: (640, 640, 3))
[2024-12-18 19:58:14.721] [386447] [HailoRT] [info] [vstream.cpp:754] [InputVStreamImpl] Creating yolov8n/input_layer1...
[2024-12-18 19:58:14.721] [386447] [HailoRT] [info] [vstream_builder.cpp:102] [create_inputs] Input pipeline 'yolov8n/input_layer1': (PreInferEl1yolov8n/input_layer1 | Quantization - src_type: FLOAT32, dst_type UINT8, limvals_min: 0, limvals_max: 255 | Reorder - src_order: NHWC, src_shape: (640, 640, 3), dst_order: NHCW, dst_shape: (640, 640, 3)) >> (PushQEl1yolov8n/input_layer1 | timeout: 10s) >> (HwWriteEl1yolov8n/input_layer1 | hw_frame_size: 1228800) >> HW
[2024-12-18 19:58:14.721] [386447] [HailoRT] [info] [multi_io_elements.cpp:162] [create] Created (NmsPPMuxEl0YOLOV8-Post-Process | Op YOLOV8, Name: YOLOV8-Post-Process, Score threshold: 0.200, IoU threshold: 0.70, Classes: 80, Cross classes: false, Max bboxes per class: 100, Image height: 640, Image width: 640)
[2024-12-18 19:58:14.721] [386447] [HailoRT] [info] [edge_elements.cpp:287] [create] Created (HwReadEl2yolov8n/conv41_97 | hw_frame_size: 409600)
[2024-12-18 19:58:14.721] [386447] [HailoRT] [info] [queue_elements.cpp:630] [create] Created (PullQEl_nms2yolov8n/conv41_97 | timeout: 10s)
[2024-12-18 19:58:14.721] [386447] [HailoRT] [info] [edge_elements.cpp:287] [create] Created (HwReadEl3yolov8n/conv42_97 | hw_frame_size: 512000)
[2024-12-18 19:58:14.721] [386447] [HailoRT] [info] [queue_elements.cpp:630] [create] Created (PullQEl_nms3yolov8n/conv42_97 | timeout: 10s)
[2024-12-18 19:58:14.721] [386447] [HailoRT] [info] [edge_elements.cpp:287] [create] Created (HwReadEl1yolov8n/conv52_97 | hw_frame_size: 102400)
[2024-12-18 19:58:14.721] [386447] [HailoRT] [info] [queue_elements.cpp:630] [create] Created (PullQEl_nms1yolov8n/conv52_97 | timeout: 10s)
[2024-12-18 19:58:14.721] [386447] [HailoRT] [info] [edge_elements.cpp:287] [create] Created (HwReadEl0yolov8n/conv53_97 | hw_frame_size: 128000)
[2024-12-18 19:58:14.721] [386447] [HailoRT] [info] [queue_elements.cpp:630] [create] Created (PullQEl_nms0yolov8n/conv53_97 | timeout: 10s)
[2024-12-18 19:58:14.721] [386447] [HailoRT] [info] [edge_elements.cpp:287] [create] Created (HwReadEl2yolov8n/conv62_97 | hw_frame_size: 30720)
[2024-12-18 19:58:14.721] [386447] [HailoRT] [info] [queue_elements.cpp:630] [create] Created (PullQEl_nms2yolov8n/conv62_97 | timeout: 10s)
[2024-12-18 19:58:14.721] [386447] [HailoRT] [info] [edge_elements.cpp:287] [create] Created (HwReadEl0yolov8n/conv63_97 | hw_frame_size: 38400)
[2024-12-18 19:58:14.721] [386447] [HailoRT] [info] [queue_elements.cpp:630] [create] Created (PullQEl_nms0yolov8n/conv63_97 | timeout: 10s)
[2024-12-18 19:58:14.721] [386447] [HailoRT] [info] [queue_elements.cpp:773] [create] Created (UserBufQEl_post_infer0yolov8n/yolov8_nms_postprocess | timeout: 10s)
[2024-12-18 19:58:14.721] [386447] [HailoRT] [info] [vstream.cpp:1114] [OutputVStreamImpl] Creating yolov8n/yolov8_nms_postprocess...
[2024-12-18 19:58:14.721] [386447] [HailoRT] [info] [vstream_builder.cpp:622] [create_output_post_process_nms] Output pipeline 'yolov8n/yolov8_nms_postprocess': HW >> (HwReadEl2yolov8n/conv41_97 | hw_frame_size: 409600) >> (PullQEl_nms2yolov8n/conv41_97) >> (HwReadEl3yolov8n/conv42_97 | hw_frame_size: 512000) >> (PullQEl_nms3yolov8n/conv42_97) >> (HwReadEl1yolov8n/conv52_97 | hw_frame_size: 102400) >> (PullQEl_nms1yolov8n/conv52_97) >> (HwReadEl0yolov8n/conv53_97 | hw_frame_size: 128000) >> (PullQEl_nms0yolov8n/conv53_97) >> (HwReadEl2yolov8n/conv62_97 | hw_frame_size: 30720) >> (PullQEl_nms2yolov8n/conv62_97) >> (HwReadEl0yolov8n/conv63_97 | hw_frame_size: 38400) >> (PullQEl_nms0yolov8n/conv63_97) >> (NmsPPMuxEl0YOLOV8-Post-Process | Op YOLOV8, Name: YOLOV8-Post-Process, Score threshold: 0.200, IoU threshold: 0.70, Classes: 80, Cross classes: false, Max bboxes per class: 100, Image height: 640, Image width: 640) >> (UserBufQEl_post_infer0yolov8n/yolov8_nms_postprocess | timeout: 10s)
[2024-12-18 19:58:14.722] [386447] [HailoRT] [info] [core_op.cpp:156] [activate] Activating yolov8n took 0.474463 milliseconds. Note that the function is asynchronous and thus the network is not fully activated yet.
[2024-12-18 19:58:14.722] [386447] [HailoRT] [info] [core_op.cpp:156] [activate] Activating yolov8n took 0.483649 milliseconds. Note that the function is asynchronous and thus the network is not fully activated yet.
[2024-12-18 19:58:14.733] [386526] [HailoRT] [info] [vdevice_native_stream.cpp:331] [read_impl] Failed read from stream HAILO_STREAM_NOT_ACTIVATED(72) (device: 0000:01:00.0)
[2024-12-18 19:58:14.733] [386530] [HailoRT] [info] [vdevice_native_stream.cpp:331] [read_impl] Failed read from stream HAILO_STREAM_NOT_ACTIVATED(72) (device: 0000:01:00.0)
[2024-12-18 19:58:14.733] [386525] [HailoRT] [info] [vdevice_native_stream.cpp:331] [read_impl] Failed read from stream HAILO_STREAM_NOT_ACTIVATED(72) (device: 0000:01:00.0)
[2024-12-18 19:58:14.733] [386528] [HailoRT] [info] [vdevice_native_stream.cpp:331] [read_impl] Failed read from stream HAILO_STREAM_NOT_ACTIVATED(72) (device: 0000:01:00.0)
[2024-12-18 19:58:14.733] [386527] [HailoRT] [info] [vdevice_native_stream.cpp:331] [read_impl] Failed read from stream HAILO_STREAM_NOT_ACTIVATED(72) (device: 0000:01:00.0)
[2024-12-18 19:58:14.733] [386529] [HailoRT] [info] [vdevice_native_stream.cpp:331] [read_impl] Failed read from stream HAILO_STREAM_NOT_ACTIVATED(72) (device: 0000:01:00.0)
[2024-12-18 19:58:14.734] [386447] [HailoRT] [info] [core_op.cpp:186] [deactivate] Deactivating took 0.42237 ms
[2024-12-18 19:58:14.734] [386447] [HailoRT] [info] [core_op.cpp:186] [deactivate] Deactivating took 0.434667 ms
[2024-12-18 19:58:14.734] [386525] [HailoRT] [info] [queue_elements.cpp:707] [run_in_thread] Shutdown event was signaled in run_pull of queue element PullQEl_nms2yolov8n/conv41_97!
[2024-12-18 19:58:14.734] [386528] [HailoRT] [info] [queue_elements.cpp:707] [run_in_thread] Shutdown event was signaled in run_pull of queue element PullQEl_nms0yolov8n/conv53_97!
[2024-12-18 19:58:14.734] [386527] [HailoRT] [info] [queue_elements.cpp:707] [run_in_thread] Shutdown event was signaled in run_pull of queue element PullQEl_nms1yolov8n/conv52_97!
[2024-12-18 19:58:14.734] [386530] [HailoRT] [info] [queue_elements.cpp:707] [run_in_thread] Shutdown event was signaled in run_pull of queue element PullQEl_nms0yolov8n/conv63_97!
[2024-12-18 19:58:14.734] [386529] [HailoRT] [info] [queue_elements.cpp:707] [run_in_thread] Shutdown event was signaled in run_pull of queue element PullQEl_nms2yolov8n/conv62_97!
[2024-12-18 19:58:14.734] [386526] [HailoRT] [info] [queue_elements.cpp:707] [run_in_thread] Shutdown event was signaled in run_pull of queue element PullQEl_nms3yolov8n/conv42_97!
[2024-12-18 19:58:14.734] [386531] [HailoRT] [info] [queue_elements.cpp:54] [operator()] Thread in element UserBufQEl_post_infer0yolov8n/yolov8_nms_postprocess is not running anymore, exiting..
[2024-12-18 19:58:14.734] [386447] [HailoRT] [info] [queue_elements.cpp:43] [~BaseQueueElement] Queue element UserBufQEl_post_infer0yolov8n/yolov8_nms_postprocess has 0 frames in his Queue on destruction
[2024-12-18 19:58:14.734] [386530] [HailoRT] [info] [queue_elements.cpp:54] [operator()] Thread in element PullQEl_nms0yolov8n/conv63_97 is not running anymore, exiting..
[2024-12-18 19:58:14.734] [386447] [HailoRT] [info] [queue_elements.cpp:43] [~BaseQueueElement] Queue element PullQEl_nms0yolov8n/conv63_97 has 0 frames in his Queue on destruction
[2024-12-18 19:58:14.734] [386529] [HailoRT] [info] [queue_elements.cpp:54] [operator()] Thread in element PullQEl_nms2yolov8n/conv62_97 is not running anymore, exiting..
[2024-12-18 19:58:14.734] [386447] [HailoRT] [info] [queue_elements.cpp:43] [~BaseQueueElement] Queue element PullQEl_nms2yolov8n/conv62_97 has 0 frames in his Queue on destruction
[2024-12-18 19:58:14.734] [386528] [HailoRT] [info] [queue_elements.cpp:54] [operator()] Thread in element PullQEl_nms0yolov8n/conv53_97 is not running anymore, exiting..
[2024-12-18 19:58:14.734] [386447] [HailoRT] [info] [queue_elements.cpp:43] [~BaseQueueElement] Queue element PullQEl_nms0yolov8n/conv53_97 has 0 frames in his Queue on destruction
[2024-12-18 19:58:14.734] [386527] [HailoRT] [info] [queue_elements.cpp:54] [operator()] Thread in element PullQEl_nms1yolov8n/conv52_97 is not running anymore, exiting..
[2024-12-18 19:58:14.734] [386447] [HailoRT] [info] [queue_elements.cpp:43] [~BaseQueueElement] Queue element PullQEl_nms1yolov8n/conv52_97 has 0 frames in his Queue on destruction
[2024-12-18 19:58:14.734] [386526] [HailoRT] [info] [queue_elements.cpp:54] [operator()] Thread in element PullQEl_nms3yolov8n/conv42_97 is not running anymore, exiting..
[2024-12-18 19:58:14.734] [386447] [HailoRT] [info] [queue_elements.cpp:43] [~BaseQueueElement] Queue element PullQEl_nms3yolov8n/conv42_97 has 0 frames in his Queue on destruction
[2024-12-18 19:58:14.734] [386525] [HailoRT] [info] [queue_elements.cpp:54] [operator()] Thread in element PullQEl_nms2yolov8n/conv41_97 is not running anymore, exiting..
[2024-12-18 19:58:14.734] [386447] [HailoRT] [info] [queue_elements.cpp:43] [~BaseQueueElement] Queue element PullQEl_nms2yolov8n/conv41_97 has 0 frames in his Queue on destruction
[2024-12-18 19:58:14.734] [386524] [HailoRT] [info] [queue_elements.cpp:54] [operator()] Thread in element PushQEl1yolov8n/input_layer1 is not running anymore, exiting..
[2024-12-18 19:58:14.734] [386447] [HailoRT] [info] [queue_elements.cpp:43] [~BaseQueueElement] Queue element PushQEl1yolov8n/input_layer1 has 0 frames in his Queue on destruction
[2024-12-18 19:58:55.009] [387022] [HailoRT] [info] [device.cpp:51] [Device] OS Version: Linux 6.6.62+rpt-rpi-2712 #1 SMP PREEMPT Debian 1:6.6.62-1+rpt1 (2024-11-25) aarch64
[2024-12-18 19:58:55.011] [387022] [HailoRT] [info] [control.cpp:109] [control__parse_identify_results] firmware_version is: 4.19.0
[2024-12-18 19:58:55.011] [387022] [HailoRT] [info] [vdevice.cpp:655] [create] VDevice Infos: 0000:01:00.0
[2024-12-18 19:58:55.134] [387022] [HailoRT] [info] [internal_buffer_manager.cpp:204] [print_execution_results] Planned internal buffer memory: CMA memory 0, user memory 777728. memory to edge layer usage factor is 1
[2024-12-18 19:58:55.134] [387022] [HailoRT] [info] [internal_buffer_manager.cpp:212] [print_execution_results] Default Internal buffer planner executed successfully
[2024-12-18 19:58:55.151] [387022] [HailoRT] [info] [device_internal.cpp:57] [configure] Configuring HEF took 21.930291 milliseconds
[2024-12-18 19:58:55.151] [387022] [HailoRT] [info] [vdevice.cpp:753] [configure] Configuring HEF on VDevice took 22.237624 milliseconds
[2024-12-18 19:58:55.152] [387022] [HailoRT] [info] [internal_buffer_manager.cpp:202] [print_execution_results] Default Internal buffer planner failed to meet requirements
[2024-12-18 19:58:55.152] [387022] [HailoRT] [info] [internal_buffer_manager.cpp:212] [print_execution_results] Default Internal buffer planner executed successfully
[2024-12-18 19:58:55.160] [387022] [HailoRT] [info] [device_internal.cpp:57] [configure] Configuring HEF took 9.268914 milliseconds
[2024-12-18 19:58:55.160] [387022] [HailoRT] [info] [vdevice.cpp:753] [configure] Configuring HEF on VDevice took 9.496617 milliseconds
[2024-12-18 19:58:55.161] [387022] [HailoRT] [info] [hef.cpp:1847] [get_network_group_and_network_name] No name was given. Addressing all networks of default network_group: yolov8n
[2024-12-18 19:58:55.161] [387022] [HailoRT] [info] [hef.cpp:1847] [get_network_group_and_network_name] No name was given. Addressing all networks of default network_group: yolov8n
[2024-12-18 19:58:55.161] [387022] [HailoRT] [info] [hef.cpp:1847] [get_network_group_and_network_name] No name was given. Addressing all networks of default network_group: resnet_v1_18
[2024-12-18 19:58:55.161] [387022] [HailoRT] [info] [hef.cpp:1847] [get_network_group_and_network_name] No name was given. Addressing all networks of default network_group: resnet_v1_18
[2024-12-18 19:58:57.355] [387022] [HailoRT] [info] [edge_elements.cpp:52] [create] Created (HwWriteEl1yolov8n/input_layer1 | hw_frame_size: 1228800)
[2024-12-18 19:58:57.356] [387022] [HailoRT] [info] [queue_elements.cpp:261] [create] Created (PushQEl1yolov8n/input_layer1 | timeout: 10s)
[2024-12-18 19:58:57.356] [387022] [HailoRT] [info] [filter_elements.cpp:101] [create] Created (PreInferEl1yolov8n/input_layer1 | Quantization - src_type: FLOAT32, dst_type UINT8, limvals_min: 0, limvals_max: 255 | Reorder - src_order: NHWC, src_shape: (640, 640, 3), dst_order: NHCW, dst_shape: (640, 640, 3))
[2024-12-18 19:58:57.356] [387022] [HailoRT] [info] [vstream.cpp:754] [InputVStreamImpl] Creating yolov8n/input_layer1...
[2024-12-18 19:58:57.356] [387022] [HailoRT] [info] [vstream_builder.cpp:102] [create_inputs] Input pipeline 'yolov8n/input_layer1': (PreInferEl1yolov8n/input_layer1 | Quantization - src_type: FLOAT32, dst_type UINT8, limvals_min: 0, limvals_max: 255 | Reorder - src_order: NHWC, src_shape: (640, 640, 3), dst_order: NHCW, dst_shape: (640, 640, 3)) >> (PushQEl1yolov8n/input_layer1 | timeout: 10s) >> (HwWriteEl1yolov8n/input_layer1 | hw_frame_size: 1228800) >> HW
[2024-12-18 19:58:57.357] [387022] [HailoRT] [info] [multi_io_elements.cpp:162] [create] Created (NmsPPMuxEl0YOLOV8-Post-Process | Op YOLOV8, Name: YOLOV8-Post-Process, Score threshold: 0.200, IoU threshold: 0.70, Classes: 80, Cross classes: false, Max bboxes per class: 100, Image height: 640, Image width: 640)
[2024-12-18 19:58:57.357] [387022] [HailoRT] [info] [edge_elements.cpp:287] [create] Created (HwReadEl2yolov8n/conv41_97 | hw_frame_size: 409600)
[2024-12-18 19:58:57.357] [387022] [HailoRT] [info] [queue_elements.cpp:630] [create] Created (PullQEl_nms2yolov8n/conv41_97 | timeout: 10s)
[2024-12-18 19:58:57.357] [387022] [HailoRT] [info] [edge_elements.cpp:287] [create] Created (HwReadEl3yolov8n/conv42_97 | hw_frame_size: 512000)
[2024-12-18 19:58:57.357] [387022] [HailoRT] [info] [queue_elements.cpp:630] [create] Created (PullQEl_nms3yolov8n/conv42_97 | timeout: 10s)
[2024-12-18 19:58:57.357] [387022] [HailoRT] [info] [edge_elements.cpp:287] [create] Created (HwReadEl1yolov8n/conv52_97 | hw_frame_size: 102400)
[2024-12-18 19:58:57.357] [387022] [HailoRT] [info] [queue_elements.cpp:630] [create] Created (PullQEl_nms1yolov8n/conv52_97 | timeout: 10s)
[2024-12-18 19:58:57.357] [387022] [HailoRT] [info] [edge_elements.cpp:287] [create] Created (HwReadEl0yolov8n/conv53_97 | hw_frame_size: 128000)
[2024-12-18 19:58:57.357] [387022] [HailoRT] [info] [queue_elements.cpp:630] [create] Created (PullQEl_nms0yolov8n/conv53_97 | timeout: 10s)
[2024-12-18 19:58:57.357] [387022] [HailoRT] [info] [edge_elements.cpp:287] [create] Created (HwReadEl2yolov8n/conv62_97 | hw_frame_size: 30720)
[2024-12-18 19:58:57.357] [387022] [HailoRT] [info] [queue_elements.cpp:630] [create] Created (PullQEl_nms2yolov8n/conv62_97 | timeout: 10s)
[2024-12-18 19:58:57.357] [387022] [HailoRT] [info] [edge_elements.cpp:287] [create] Created (HwReadEl0yolov8n/conv63_97 | hw_frame_size: 38400)
[2024-12-18 19:58:57.357] [387022] [HailoRT] [info] [queue_elements.cpp:630] [create] Created (PullQEl_nms0yolov8n/conv63_97 | timeout: 10s)
[2024-12-18 19:58:57.357] [387022] [HailoRT] [info] [queue_elements.cpp:773] [create] Created (UserBufQEl_post_infer0yolov8n/yolov8_nms_postprocess | timeout: 10s)
[2024-12-18 19:58:57.357] [387022] [HailoRT] [info] [vstream.cpp:1114] [OutputVStreamImpl] Creating yolov8n/yolov8_nms_postprocess...
[2024-12-18 19:58:57.357] [387022] [HailoRT] [info] [vstream_builder.cpp:622] [create_output_post_process_nms] Output pipeline 'yolov8n/yolov8_nms_postprocess': HW >> (HwReadEl2yolov8n/conv41_97 | hw_frame_size: 409600) >> (PullQEl_nms2yolov8n/conv41_97) >> (HwReadEl3yolov8n/conv42_97 | hw_frame_size: 512000) >> (PullQEl_nms3yolov8n/conv42_97) >> (HwReadEl1yolov8n/conv52_97 | hw_frame_size: 102400) >> (PullQEl_nms1yolov8n/conv52_97) >> (HwReadEl0yolov8n/conv53_97 | hw_frame_size: 128000) >> (PullQEl_nms0yolov8n/conv53_97) >> (HwReadEl2yolov8n/conv62_97 | hw_frame_size: 30720) >> (PullQEl_nms2yolov8n/conv62_97) >> (HwReadEl0yolov8n/conv63_97 | hw_frame_size: 38400) >> (PullQEl_nms0yolov8n/conv63_97) >> (NmsPPMuxEl0YOLOV8-Post-Process | Op YOLOV8, Name: YOLOV8-Post-Process, Score threshold: 0.200, IoU threshold: 0.70, Classes: 80, Cross classes: false, Max bboxes per class: 100, Image height: 640, Image width: 640) >> (UserBufQEl_post_infer0yolov8n/yolov8_nms_postprocess | timeout: 10s)
[2024-12-18 19:58:57.359] [387022] [HailoRT] [info] [core_op.cpp:156] [activate] Activating yolov8n took 1.032705 milliseconds. Note that the function is asynchronous and thus the network is not fully activated yet.
[2024-12-18 19:58:57.359] [387022] [HailoRT] [info] [core_op.cpp:156] [activate] Activating yolov8n took 1.047964 milliseconds. Note that the function is asynchronous and thus the network is not fully activated yet.
[2024-12-18 19:58:57.370] [387104] [HailoRT] [info] [vdevice_native_stream.cpp:331] [read_impl] Failed read from stream HAILO_STREAM_NOT_ACTIVATED(72) (device: 0000:01:00.0)
[2024-12-18 19:58:57.370] [387102] [HailoRT] [info] [vdevice_native_stream.cpp:331] [read_impl] Failed read from stream HAILO_STREAM_NOT_ACTIVATED(72) (device: 0000:01:00.0)
[2024-12-18 19:58:57.370] [387103] [HailoRT] [info] [vdevice_native_stream.cpp:331] [read_impl] Failed read from stream HAILO_STREAM_NOT_ACTIVATED(72) (device: 0000:01:00.0)
[2024-12-18 19:58:57.370] [387107] [HailoRT] [info] [vdevice_native_stream.cpp:331] [read_impl] Failed read from stream HAILO_STREAM_NOT_ACTIVATED(72) (device: 0000:01:00.0)
[2024-12-18 19:58:57.370] [387105] [HailoRT] [info] [vdevice_native_stream.cpp:331] [read_impl] Failed read from stream HAILO_STREAM_NOT_ACTIVATED(72) (device: 0000:01:00.0)
[2024-12-18 19:58:57.370] [387106] [HailoRT] [info] [vdevice_native_stream.cpp:331] [read_impl] Failed read from stream HAILO_STREAM_NOT_ACTIVATED(72) (device: 0000:01:00.0)
[2024-12-18 19:58:57.371] [387022] [HailoRT] [info] [core_op.cpp:186] [deactivate] Deactivating took 0.512612 ms
[2024-12-18 19:58:57.371] [387022] [HailoRT] [info] [core_op.cpp:186] [deactivate] Deactivating took 0.53489 ms
[2024-12-18 19:58:57.371] [387102] [HailoRT] [info] [queue_elements.cpp:707] [run_in_thread] Shutdown event was signaled in run_pull of queue element PullQEl_nms2yolov8n/conv41_97!
[2024-12-18 19:58:57.371] [387104] [HailoRT] [info] [queue_elements.cpp:707] [run_in_thread] Shutdown event was signaled in run_pull of queue element PullQEl_nms1yolov8n/conv52_97!
[2024-12-18 19:58:57.371] [387107] [HailoRT] [info] [queue_elements.cpp:707] [run_in_thread] Shutdown event was signaled in run_pull of queue element PullQEl_nms0yolov8n/conv63_97!
[2024-12-18 19:58:57.371] [387103] [HailoRT] [info] [queue_elements.cpp:707] [run_in_thread] Shutdown event was signaled in run_pull of queue element PullQEl_nms3yolov8n/conv42_97!
[2024-12-18 19:58:57.371] [387106] [HailoRT] [info] [queue_elements.cpp:707] [run_in_thread] Shutdown event was signaled in run_pull of queue element PullQEl_nms2yolov8n/conv62_97!
[2024-12-18 19:58:57.371] [387105] [HailoRT] [info] [queue_elements.cpp:707] [run_in_thread] Shutdown event was signaled in run_pull of queue element PullQEl_nms0yolov8n/conv53_97!
[2024-12-18 19:58:57.371] [387108] [HailoRT] [info] [queue_elements.cpp:54] [operator()] Thread in element UserBufQEl_post_infer0yolov8n/yolov8_nms_postprocess is not running anymore, exiting..
[2024-12-18 19:58:57.371] [387022] [HailoRT] [info] [queue_elements.cpp:43] [~BaseQueueElement] Queue element UserBufQEl_post_infer0yolov8n/yolov8_nms_postprocess has 0 frames in his Queue on destruction
[2024-12-18 19:58:57.371] [387107] [HailoRT] [info] [queue_elements.cpp:54] [operator()] Thread in element PullQEl_nms0yolov8n/conv63_97 is not running anymore, exiting..
[2024-12-18 19:58:57.371] [387022] [HailoRT] [info] [queue_elements.cpp:43] [~BaseQueueElement] Queue element PullQEl_nms0yolov8n/conv63_97 has 0 frames in his Queue on destruction
[2024-12-18 19:58:57.371] [387106] [HailoRT] [info] [queue_elements.cpp:54] [operator()] Thread in element PullQEl_nms2yolov8n/conv62_97 is not running anymore, exiting..
[2024-12-18 19:58:57.371] [387022] [HailoRT] [info] [queue_elements.cpp:43] [~BaseQueueElement] Queue element PullQEl_nms2yolov8n/conv62_97 has 0 frames in his Queue on destruction
[2024-12-18 19:58:57.371] [387105] [HailoRT] [info] [queue_elements.cpp:54] [operator()] Thread in element PullQEl_nms0yolov8n/conv53_97 is not running anymore, exiting..
[2024-12-18 19:58:57.371] [387022] [HailoRT] [info] [queue_elements.cpp:43] [~BaseQueueElement] Queue element PullQEl_nms0yolov8n/conv53_97 has 0 frames in his Queue on destruction
[2024-12-18 19:58:57.371] [387104] [HailoRT] [info] [queue_elements.cpp:54] [operator()] Thread in element PullQEl_nms1yolov8n/conv52_97 is not running anymore, exiting..
[2024-12-18 19:58:57.371] [387022] [HailoRT] [info] [queue_elements.cpp:43] [~BaseQueueElement] Queue element PullQEl_nms1yolov8n/conv52_97 has 0 frames in his Queue on destruction
[2024-12-18 19:58:57.371] [387103] [HailoRT] [info] [queue_elements.cpp:54] [operator()] Thread in element PullQEl_nms3yolov8n/conv42_97 is not running anymore, exiting..
[2024-12-18 19:58:57.371] [387022] [HailoRT] [info] [queue_elements.cpp:43] [~BaseQueueElement] Queue element PullQEl_nms3yolov8n/conv42_97 has 0 frames in his Queue on destruction
[2024-12-18 19:58:57.372] [387102] [HailoRT] [info] [queue_elements.cpp:54] [operator()] Thread in element PullQEl_nms2yolov8n/conv41_97 is not running anymore, exiting..
[2024-12-18 19:58:57.372] [387022] [HailoRT] [info] [queue_elements.cpp:43] [~BaseQueueElement] Queue element PullQEl_nms2yolov8n/conv41_97 has 0 frames in his Queue on destruction
[2024-12-18 19:58:57.372] [387101] [HailoRT] [info] [queue_elements.cpp:54] [operator()] Thread in element PushQEl1yolov8n/input_layer1 is not running anymore, exiting..
[2024-12-18 19:58:57.372] [387022] [HailoRT] [info] [queue_elements.cpp:43] [~BaseQueueElement] Queue element PushQEl1yolov8n/input_layer1 has 0 frames in his Queue on destruction
